---[ ex12 ]---
ORIGINAL GRAPH
alpha = 0.0
[0.9999999999999998 0.0 0.0 0.0 0.0 0.0]
alpha = 0.15
[0.6055710207969187 0.07342049325543416 0.07745370958394729 0.1139305724288271 0.10462420288899366 0.024999999973182592]
alpha = 0.5
[0.3225308625316684 0.12345678948580618 0.15586419672583024 0.16049382633154796 0.15432098685725762 0.08333333290291915]
alpha = 1.0
[0.16666666495335952 0.16666666495335952 0.16666666495335952 0.16666666495335952 0.16666666495335952 0.16666666495335952]

SEPARATED GRAPH
alpha = 0.0
[0.5 0.10000000000647671 0.0 0.20000000001295343 0.20000000001295337 0.0]
alpha = 0.15
[0.42874999893506344 0.10740531346979915 0.04624999988512343 0.19389485536916357 0.1986998299191285 0.02499999993790456]
alpha = 0.5
[0.2916666654013162 0.1282051276489301 0.12499999945770685 0.17948717870850214 0.19230769147339524 0.0833333329718046]
alpha = 1.0
[0.16666666495335952 0.16666666495335952 0.16666666495335952 0.16666666495335952 0.16666666495335952 0.16666666495335952]



---[ ex13 ]---
a) Stationary Distribution
[0.2345679006798882 0.30478394989656526 0.26311728332842726 0.19753086373043216]

b) From 0 to 3 in 32 steps
4×4 Matrix{Float64}:
 0.234592  0.304771  0.263126  0.197512
 0.234568  0.304784  0.263117  0.197531
 0.234568  0.304784  0.263117  0.197531
 0.234538  0.3048    0.263107  0.197554

0.19751196284620998

c) From any to 3 in 128 steps
4×4 Matrix{Float64}:
 0.234568  0.304784  0.263117  0.197531
 0.234568  0.304784  0.263117  0.197531
 0.234568  0.304784  0.263117  0.197531
 0.234568  0.304784  0.263117  0.197531

4-element Vector{Float64}:
 0.1975308641975304
 0.1975308641975304
 0.19753086419753038
 0.19753086419753044

0.1975308641975304

d) Min numbers of steps
eps=0.1:	steps=5
eps=0.01:	steps=13
eps=0.001:	steps=21



---[ ex14 ]---
STATIONARY DISTRIBUTIONS
alpha=0.0
[0.2894736836074763 0.21052631535089184 0.15789473651316893 0.2763157888980454 0.0657894735471537]

alpha=0.25
[0.26196473684549104 0.20538655403566605 0.16430924322853283 0.2611896932453564 0.10714977771860691]

alpha=0.5
[0.23653088054534185 0.20236530891101484 0.17345597906658408 0.2444152432301866 0.14323258877467926]

alpha=0.75
[0.21481559120386112 0.20102392873357433 0.1855605496002225 0.2244279620164853 0.17417197983309174]

alpha=0.85
[0.20783557296464583 0.20069803000485878 0.19114098095700838 0.21521506653323924 0.1851103620325104]

alpha=1.0
[0.20000000244758148 0.20000000244758148 0.20000000244758148 0.20000000244758148 0.20000000244758148]


CONVERGENCE
0.04768226132098286;0.03713180214441857;0.03558995439130306;0.028782631550173143;0.022885537122507384;0.02178795810006976;0.016740292059598986;0.014265325898570153;0.013127447600649473;0.009817006105239365;0.008938902972478366;0.007774618202375874;0.005865763884220859;0.005568189616159124;0.004544807351649296;0.003586277085252636;0.0034215620043689925;0.0026436715106784316;0.00223213063570546;0.0020662635595986587;0.0015476781663148979;0.0013986987111970493;0.0012262410279842535;0.0009221438602571432;0.0008723826333304455
0.022385938519964624;0.013187751690853147;0.009518173561832837;0.005666221333854923;0.0034506636805996405;0.002445075458221016;0.00139196988723839;0.0009101629056385736;0.0006179374627545527;0.00034611845849054183;0.0002404065931767471;0.00015364800317154762;8.78940831616751e-5;6.294114265553911e-5;3.7791474951688714e-5;2.2823188154251485e-5;1.622899980374328e-5;9.281094195018162e-6;6.013921040731707e-6;4.1105734895862204e-6;2.3030243777980677e-6;1.5892972495216336e-6;1.0237350168502978e-6;5.832655017423863e-7;4.168888574502807e-7
0.007373835602330344;0.002945254252305763;0.0014161598941289661;0.0005502296625524571;0.00022981483726320316;0.00010702622953902069;4.018369852206932e-5;1.7996392904329238e-5;7.958596799423657e-6;2.983615634916992e-6;1.404855204773542e-6;5.832681353038335e-7;2.266082114067467e-7;1.0835870840774939e-7;4.2447583633505973e-8;1.7554007689114406e-8;8.209221067504043e-9;3.128795031119186e-9;1.3920791646075383e-9;6.399217652783489e-10;3.4691559767853914e-10;2.644054400674678e-10;2.4027036767830573e-10;2.421492962571756e-10;2.4072911184852e-10
0.0010167197942123941;0.00020889552884085084;4.9747370703800694e-5;9.457907552385398e-6;2.048639347037862e-6;4.6587600120423085e-7;8.682967793676354e-8;2.073212069061099e-8;6.8077925405693615e-9;5.140921012951656e-9;5.1168235029023315e-9;5.116047109428223e-9;5.113749637303031e-9;5.114000842066369e-9;5.1140512463829296e-9;5.114030741318253e-9;5.114032051012616e-9;5.1140327021522636e-9;5.114032461508901e-9;5.114032460701697e-9;5.1140324337684995e-9;5.114032358095976e-9;5.114032369564054e-9;5.114032331440446e-9;5.114032290423988e-9
0.00022739619231498633;2.845861101196122e-5;4.036404453080694e-6;4.568178169946018e-7;6.07040331305866e-8;9.946913182645809e-9;5.640222477215845e-9;5.597227839411936e-9;5.595396159963119e-9;5.5949407690835174e-9;5.594992792614969e-9;5.594994196625703e-9;5.594993155910995e-9;5.594993201815438e-9;5.5949931472348826e-9;5.594993131963459e-9;5.5949930685000905e-9;5.594993021274135e-9;5.594993021274135e-9;5.594992995514387e-9;5.5949929836691014e-9;5.594992971231552e-9;5.594992971231552e-9;5.594992971231552e-9;5.5949929578943595e-9
5.472958487186947e-9;5.472958487186947e-9;5.472958487186947e-9;5.472958487186947e-9;5.472958487186947e-9;5.472958487186947e-9;5.472958487186947e-9;5.472958487186947e-9;5.472958487186947e-9;5.472958487186947e-9;5.472958487186947e-9;5.472958487186947e-9;5.472958487186947e-9;5.472958487186947e-9;5.472958487186947e-9;5.472958487186947e-9;5.472958487186947e-9;5.472958487186947e-9;5.472958487186947e-9;5.472958487186947e-9;5.472958487186947e-9;5.472958487186947e-9;5.472958487186947e-9;5.472958487186947e-9;5.472958487186947e-9

